This is pdfTeX, Version 3.141592653-2.6-1.40.26 (TeX Live 2024) (preloaded format=pdflatex 2025.2.3)  14 FEB 2025 17:53
entering extended mode
 restricted \write18 enabled.
 file:line:error style messages enabled.
 %&-line parsing enabled.
**2008172003-syllabus-lab-129A-2020fa.tex
(./2008172003-syllabus-lab-129A-2020fa.tex
LaTeX2e <2024-11-01> patch level 2
L3 programming layer <2025-01-18>
./2008172003-syllabus-lab-129A-2020fa.tex:1: Undefined control sequence.
l.1 \hypertarget
                {virtual-classroom-policies-and-statements}{%
? 
./2008172003-syllabus-lab-129A-2020fa.tex:1: Emergency stop.
l.1 
    
End of file on the terminal!

 
Here is how much of TeX's memory you used:
 14 strings out of 473201
 456 string characters out of 5716121
 391988 words of memory out of 5000000
 23365 multiletter control sequences out of 15000+600000
 558837 words of font info for 36 fonts, out of 8000000 for 9000
 1141 hyphenation exceptions out of 8191
 12i,0n,13p,128b,8s stack positions out of 10000i,1000n,20000p,200000b,200000s
./2008172003-syllabus-lab-129A-2020fa.tex:1:  ==> Fatal error occurred, no outp
ut PDF file produced!
